-1 30 -1 43 31 13 63 13 
30 -1 -1 20 43 -1 15 3 
-1 -1 -1 -1 22 22 1 -1 
43 20 -1 -1 -1 26 47 41 
31 43 22 -1 -1 -1 39 -1 
13 -1 22 26 -1 -1 28 52 
63 15 1 47 39 28 -1 57 
13 3 -1 41 -1 52 57 -1 
0	16	32	36	31	13	31	13	
0	16	32	36	31	13	31	13	
0	16	32	36	31	13	31	13	
0	30	2147483647	43	31	13	63	13	
0	16	32	36	31	13	31	13	
*** stack smashing detected ***: terminated
0	16	32	36	31	13	31	13	
0	16	32	36	31	13	31	13	
0	16	35	39	31	13	31	13	
0	16	32	36	31	13	31	13	
0	30	35	39	31	13	41	13	
0	16	32	36	31	13	31	13	
0	16	35	36	31	13	31	13	
0	16	32	36	31	13	31	13	
0	16	35	36	31	13	31	13	
0	16	32	36	31	13	31	13	
0	16	32	36	31	13	31	13	
0	1	3	1	4	4	
0	1	3	1	4	4	
0	1	3	1	4	4	

Serial time: 0.0000560	1	3	1	5	4	

Parallel time: 0.0019950	1	3	1	4	4	

Serial time: 0.000008
0	1	3	1	4	4	

Parallel time: 0.012003
0	1	3	1	4	4	

Serial time: 0.000044
0	1	3	1	5	4	

Parallel time: 0.002701

Serial time: 0.000001

Parallel time: 0.009302

Serial time: 0.001902

Parallel time: 0.017199
0	7	8	12	11	7	13	12	10	8	9	2	10	9	9	12	8	12	10	9	3	10	9	12	12	10	10	7	9	11	11	13	10	12	13	12	11	10	11	11	11	11	9	10	9	10	7	8	8	13	7	11	9	12	9	9	11	14	9	8	6	9	11	10	9	9	11	3	10	10	12	10	11	13	9	11	10	10	4	11	12	8	4	13	9	8	11	7	11	9	10	9	8	8	7	7	6	9	8	7	10	9	12	13	10	10	12	12	11	3	11	7	11	11	10	9	9	11	11	10	10	9	9	7	7	8	11	12	9	10	9	9	8	6	11	14	13	9	11	12	10	4	13	10	10	8	16	7	9	14	8	8	12	8	10	8	7	8	12	8	10	11	9	14	11	9	9	15	7	12	3	10	11	13	6	12	10	12	12	5	9	12	11	8	11	9	15	12	11	5	11	9	9	11	11	10	9	10	6	10	11	10	11	6	13	11	10	11	15	12	11	9	12	11	10	11	10	7	5	6	12	11	11	14	11	12	8	16	12	13	10	9	10	9	10	10	10	10	8	9	11	10	11	14	9	13	10	4	12	9	7	9	12	12	9	9	9	10	8	8	7	8	11	10	11	11	8	9	7	6	11	9	10	9	11	9	9	9	10	8	10	6	12	12	12	11	9	13	10	12	9	8	8	7	10	10	11	12	9	12	10	12	10	14	10	12	13	11	9	10	8	7	10	10	11	11	11	9	9	11	9	10	11	8	10	13	9	14	11	11	8	11	6	8	8	9	10	9	10	9	11	9	10	5	13	10	9	6	9	7	13	9	8	13	10	10	10	10	9	10	10	10	8	11	9	12	9	12	12	10	13	12	10	10	10	6	10	11	8	11	10	9	8	10	11	10	8	11	6	5	9	10	11	9	8	11	10	7	8	10	12	9	12	10	10	12	8	8	11	12	7	9	13	11	8	11	10	11	10	8	9	10	11	13	10	9	8	10	8	12	9	13	8	11	12	13	11	11	9	10	11	10	5	10	12	9	14	6	2	11	9	10	12	10	10	13	15	10	10	10	8	5	10	11	8	8	11	7	10	6	11	8	10	11	11	11	13	11	5	5	8	13	11	11	6	8	9	10	13	12	11	8	9	11	10	8	10	12	12	9	11	7	10	13	6	8	8	13	13	8	11	9	

Serial time: 0.001971

Parallel time: 0.005356
0	7	8	12	11	7	13	12	10	8	9	2	10	9	9	12	8	12	10	9	3	10	9	12	12	10	10	7	9	11	11	13	10	12	13	12	11	10	11	11	11	11	9	10	9	10	7	8	8	13	7	11	9	12	9	9	11	14	9	8	6	9	11	10	9	9	11	3	10	10	12	10	11	13	9	11	10	10	4	11	12	8	4	13	9	8	11	7	11	9	10	9	8	8	7	7	6	9	8	7	10	9	12	13	10	10	12	12	11	3	11	7	11	11	10	9	9	11	11	10	10	9	9	7	7	8	11	12	9	10	9	9	8	6	11	14	13	9	11	12	10	4	13	10	10	8	16	7	9	14	8	8	12	8	10	8	7	8	12	8	10	11	9	14	11	9	9	15	7	12	3	10	11	13	6	12	10	12	12	5	9	12	11	8	11	9	15	12	11	5	11	9	9	11	11	10	9	10	6	10	11	10	11	6	13	11	10	11	15	12	11	9	12	11	10	11	10	7	5	6	12	11	11	14	11	12	8	16	12	13	10	9	10	9	10	10	10	10	8	9	11	10	11	14	9	13	10	4	12	9	7	9	12	12	9	9	9	10	8	8	7	8	11	10	11	11	8	9	7	6	11	9	10	9	11	9	9	9	10	8	10	6	12	12	12	11	9	13	10	12	9	8	8	7	10	10	11	12	9	12	10	12	10	14	10	12	13	11	9	10	8	7	10	10	11	11	11	9	9	11	9	10	11	8	10	13	9	14	11	11	8	11	6	8	8	9	10	9	10	9	11	9	10	5	13	10	9	6	9	7	13	9	8	13	10	10	10	10	9	10	10	10	8	11	9	12	9	12	12	10	13	12	10	10	10	6	10	11	8	11	10	9	8	10	11	10	8	11	6	5	9	10	11	9	8	11	10	7	8	10	12	9	12	10	10	12	8	8	11	12	7	9	13	11	8	11	10	11	10	8	9	10	11	13	10	9	8	10	8	12	9	13	8	11	12	13	11	11	9	10	11	10	5	10	12	9	14	6	2	11	9	10	12	10	10	13	15	10	10	10	8	5	10	11	8	8	11	7	10	6	11	8	10	11	11	11	13	11	5	5	8	13	11	11	6	8	9	10	13	12	11	8	9	11	10	8	10	12	12	9	11	7	10	13	6	8	8	13	13	8	11	9	

Serial time: 0.001965

Parallel time: 0.002496
0	7	8	12	11	7	13	12	10	8	9	2	10	9	9	12	8	12	10	9	3	10	9	12	12	10	10	7	9	11	11	13	10	12	13	12	11	10	11	11	11	11	9	10	9	10	7	8	8	13	7	11	9	12	9	9	11	14	9	8	6	9	11	10	9	9	11	3	10	10	12	10	11	13	9	11	10	10	4	11	12	8	4	13	9	8	11	7	11	9	10	9	8	8	7	7	6	9	8	7	10	9	12	13	10	10	12	12	11	3	11	7	11	11	10	9	9	11	11	10	10	9	9	7	7	8	11	12	9	10	9	9	8	6	11	14	13	9	11	12	10	4	13	10	10	8	16	7	9	14	8	8	12	8	10	8	7	8	12	8	10	11	9	14	11	9	9	15	7	12	3	10	11	13	6	12	10	12	12	5	9	12	11	8	11	9	15	12	11	5	11	9	9	11	11	10	9	10	6	10	11	10	11	6	13	11	10	11	15	12	11	9	12	11	10	11	10	7	5	6	12	11	11	14	11	12	8	16	12	13	10	9	10	9	10	10	10	10	8	9	11	10	11	14	9	13	10	4	12	9	7	9	12	12	9	9	9	10	8	8	7	8	11	10	11	11	8	9	7	6	11	9	10	9	11	9	9	9	10	8	10	6	12	12	12	11	9	13	10	12	9	8	8	7	10	10	11	12	9	12	10	12	10	14	10	12	13	11	9	10	8	7	10	10	11	11	11	9	9	11	9	10	11	8	10	13	9	14	11	11	8	11	6	8	8	9	10	9	10	9	11	9	10	5	13	10	9	6	9	7	13	9	8	13	10	10	10	10	9	10	10	10	8	11	9	12	9	12	12	10	13	12	10	10	10	6	10	11	8	11	10	9	8	10	11	10	8	11	6	5	9	10	11	9	8	11	10	7	8	10	12	9	12	10	10	12	8	8	11	12	7	9	13	11	8	11	10	11	10	8	9	10	11	13	10	9	8	10	8	12	9	13	8	11	12	13	11	11	9	10	11	10	5	10	12	9	14	6	2	11	9	10	12	10	10	13	15	10	10	10	8	5	10	11	8	8	11	7	10	6	11	8	10	11	11	11	13	11	5	5	8	13	11	11	6	8	9	10	13	12	11	8	9	11	10	8	10	12	12	9	11	7	10	13	6	8	8	13	13	8	11	9	

Serial time: 0.001992

Parallel time: 0.011059
0	7	8	12	11	7	13	12	10	8	9	2	10	9	9	12	8	12	10	9	3	10	9	12	12	10	10	7	9	11	11	13	10	12	13	12	11	10	11	11	11	11	9	10	9	10	7	8	8	13	7	11	9	12	9	9	11	14	9	8	6	9	11	10	9	9	11	3	10	10	12	10	11	13	9	11	10	10	4	11	12	8	4	13	9	8	11	7	11	9	10	9	8	8	7	7	6	9	8	7	10	9	12	13	10	10	12	12	11	3	11	7	11	11	10	9	9	11	11	10	10	9	9	7	7	8	11	12	9	10	9	9	8	6	11	14	13	9	11	12	10	4	13	10	10	8	16	7	9	14	8	8	12	8	10	8	7	8	12	8	10	11	9	14	11	9	9	15	7	12	3	10	11	13	6	12	10	12	12	5	9	12	11	8	11	9	15	12	11	5	11	9	9	11	11	10	9	10	6	10	11	10	11	6	13	11	10	11	15	12	11	9	12	11	10	11	10	7	5	6	12	11	11	14	11	12	8	16	12	13	10	9	10	9	10	10	10	10	8	9	11	10	11	14	9	13	10	4	12	9	7	9	12	12	9	9	9	10	8	8	7	8	11	10	11	11	8	9	7	6	11	9	10	9	11	9	9	9	10	8	10	6	12	12	12	11	9	13	10	12	9	8	8	7	10	10	11	12	9	12	10	12	10	14	10	12	13	11	9	10	8	7	10	10	11	11	11	9	9	11	9	10	11	8	10	13	9	14	11	11	8	11	6	8	8	9	10	9	10	9	11	9	10	5	13	10	9	6	9	7	13	9	8	13	10	10	10	10	9	10	10	10	8	11	9	12	9	12	12	10	13	12	10	10	10	6	10	11	8	11	10	9	8	10	11	10	8	11	6	5	9	10	11	9	8	11	10	7	8	10	12	9	12	10	10	12	8	8	11	12	7	9	13	11	8	11	10	11	10	8	9	10	11	13	10	9	8	10	8	12	9	13	8	11	12	13	11	11	9	10	11	10	5	10	12	9	14	6	2	11	9	10	12	10	10	13	15	10	10	10	8	5	10	11	8	8	11	7	10	6	11	8	10	11	11	11	13	11	5	5	8	13	11	11	6	8	9	10	13	12	11	8	9	11	10	8	10	12	12	9	11	7	10	13	6	8	8	13	13	8	11	9	

Serial time: 0.002381
0	7	8	15	14	7	13	12	10	8	9	2	10	9	9	13	8	12	10	9	3	10	9	12	12	10	10	7	9	11	11	15	10	17	13	12	16	10	11	11	11	11	9	10	9	10	7	8	8	13	7	14	9	12	9	9	11	14	9	8	6	9	11	10	9	9	11	3	10	10	12	10	16	13	9	11	10	10	4	11	13	8	4	17	9	8	11	7	13	9	10	9	8	8	7	7	6	9	8	7	10	9	14	13	10	10	15	13	11	3	11	7	11	12	10	9	9	23	12	10	10	9	9	7	7	8	11	12	9	10	9	9	8	6	11	14	13	9	11	15	10	4	13	10	10	8	16	7	9	14	8	8	12	8	10	8	7	8	12	8	10	11	9	21	14	9	9	15	7	12	3	10	11	13	6	20	10	12	15	5	9	13	11	8	11	9	15	12	11	5	11	9	9	11	11	10	9	10	6	10	11	10	11	6	13	12	10	11	15	12	11	9	12	11	12	11	10	7	5	6	16	11	11	14	11	12	8	17	16	13	10	9	10	9	10	10	10	10	8	9	11	10	13	15	9	13	10	4	12	9	7	9	13	12	9	9	9	10	8	8	7	8	11	10	13	12	8	9	7	6	11	9	10	9	17	9	9	9	10	8	11	6	12	12	14	11	9	13	10	16	9	8	8	7	10	10	12	15	9	12	10	12	10	23	10	15	13	11	9	10	8	7	10	10	11	11	12	9	9	11	9	10	16	8	10	13	9	15	12	11	8	11	6	8	8	9	10	9	10	9	11	9	10	5	14	10	9	6	9	7	15	9	8	18	10	10	10	10	9	10	10	10	8	13	9	12	9	14	12	10	13	12	10	10	10	6	10	11	8	11	10	9	8	10	11	10	8	11	6	5	9	10	21	9	8	11	10	7	8	10	12	9	12	10	10	13	8	8	12	12	7	9	13	11	8	11	10	11	10	8	9	10	11	13	10	9	8	10	8	12	9	13	8	11	13	14	11	11	9	10	11	10	5	10	12	9	14	6	2	11	9	10	12	10	10	14	15	10	10	10	8	5	10	11	8	8	11	7	10	6	11	8	10	12	13	11	14	11	5	5	8	13	11	11	6	8	9	10	16	15	16	8	9	11	10	8	10	13	13	9	11	7	10	20	6	8	8	13	13	8	11	9	

Parallel time: 0.003941
0	16	32	36	31	13	31	13	

Serial time: 0.000009

Parallel time: 0.003420
0	16	32	36	31	13	31	13	

Serial time: 0.000012
0	16	35	36	31	13	31	13	

Parallel time: 0.000972
0	16	32	36	31	13	31	13	

Serial time: 0.000060
0	30	2147483647	43	31	13	63	13	

Parallel time: 0.002012
0	16	32	36	31	13	31	13	

Serial time: 0.000014
0	30	2147483647	43	31	13	63	13	

Parallel time: 0.012297
